0 verbose cli /usr/bin/node /usr/bin/npm
1 info using npm@9.2.0
2 info using node@v18.19.1
3 timing npm:load:whichnode Completed in 0ms
4 timing config:load:defaults Completed in 3ms
5 timing config:load:file:/usr/share/nodejs/npm/npmrc Completed in 6ms
6 timing config:load:builtin Completed in 6ms
7 timing config:load:cli Completed in 2ms
8 timing config:load:env Completed in 1ms
9 timing config:load:project Completed in 1ms
10 timing config:load:file:/home/ubuntu/.npmrc Completed in 0ms
11 timing config:load:user Completed in 1ms
12 timing config:load:file:/etc/npmrc Completed in 0ms
13 timing config:load:global Completed in 0ms
14 timing config:load:setEnvs Completed in 2ms
15 timing config:load Completed in 16ms
16 timing npm:load:configload Completed in 17ms
17 timing npm:load:mkdirpcache Completed in 0ms
18 timing npm:load:mkdirplogs Completed in 0ms
19 verbose title npm create vite@latest notesapp --template react
20 verbose argv "create" "vite@latest" "notesapp" "--" "--template" "react"
21 timing npm:load:setTitle Completed in 3ms
22 timing config:load:flatten Completed in 6ms
23 timing npm:load:display Completed in 8ms
24 verbose logfile logs-max:10 dir:/home/ubuntu/.npm/_logs/2024-11-08T06_04_57_532Z-
25 verbose logfile /home/ubuntu/.npm/_logs/2024-11-08T06_04_57_532Z-debug-0.log
26 timing npm:load:logFile Completed in 13ms
27 timing npm:load:timers Completed in 0ms
28 timing npm:load:configScope Completed in 0ms
29 timing npm:load Completed in 44ms
30 silly logfile done cleaning log files
31 timing arborist:ctor Completed in 1ms
32 http fetch GET 200 https://registry.npmjs.org/create-vite 161ms (cache miss)
33 timing arborist:ctor Completed in 0ms
34 timing arborist:ctor Completed in 0ms
35 timing idealTree:init Completed in 6ms
36 timing idealTree:userRequests Completed in 7ms
37 silly idealTree buildDeps
38 silly fetch manifest create-vite@5.5.5
39 http fetch GET 200 https://registry.npmjs.org/create-vite 24ms (cache hit)
40 silly placeDep ROOT create-vite@5.5.5 OK for:  want: 5.5.5
41 timing idealTree:#root Completed in 39ms
42 timing idealTree:node_modules/create-vite Completed in 0ms
43 timing idealTree:buildDeps Completed in 41ms
44 timing idealTree:fixDepFlags Completed in 1ms
45 timing idealTree Completed in 58ms
46 timing reify:loadTrees Completed in 59ms
47 timing reify:diffTrees Completed in 2ms
48 silly reify moves {}
49 timing reify:retireShallow Completed in 2ms
50 timing reify:createSparse Completed in 11ms
51 timing reify:loadBundles Completed in 0ms
52 silly audit bulk request { 'create-vite': [ '5.5.5' ] }
53 silly tarball no local data for create-vite@https://registry.npmjs.org/create-vite/-/create-vite-5.5.5.tgz. Extracting by manifest.
54 http fetch GET 200 https://registry.npmjs.org/create-vite/-/create-vite-5.5.5.tgz 213ms (cache miss)
55 timing reifyNode:node_modules/create-vite Completed in 227ms
56 timing reify:unpack Completed in 227ms
57 timing reify:unretire Completed in 0ms
58 timing build:queue Completed in 1ms
59 timing build:link:node_modules/create-vite Completed in 4ms
60 timing build:link Completed in 4ms
61 timing build:deps Completed in 5ms
62 timing build Completed in 6ms
63 timing reify:build Completed in 6ms
64 timing reify:trash Completed in 0ms
65 timing reify:save Completed in 11ms
66 http fetch POST 200 https://registry.npmjs.org/-/npm/v1/security/advisories/bulk 261ms
67 timing auditReport:getReport Completed in 263ms
68 silly audit report {}
69 timing auditReport:init Completed in 0ms
70 timing reify:audit Completed in 265ms
71 timing reify Completed in 343ms
72 timing command:create Completed in 7415ms
73 verbose exit 0
74 timing npm Completed in 7494ms
75 info ok
